<?xml version="1.0" encoding="UTF-8"?>
<!-- Generated by org.testng.reporters.JUnitXMLReporter -->
<testsuite ignored="0" hostname="DESKTOP-9VJEC1D" failures="5" tests="10" name="Cucumber Test Runner" time="135.919" errors="0" timestamp="2025-09-14T19:43:47 IST">
  <testcase classname="io.cucumber.testng.AbstractTestNGCucumberTests" name="runScenario" time="6.642"/>
  <testcase classname="io.cucumber.testng.AbstractTestNGCucumberTests" name="runScenario" time="10.5"/>
  <testcase classname="io.cucumber.testng.AbstractTestNGCucumberTests" name="runScenario" time="11.725"/>
  <testcase classname="io.cucumber.testng.AbstractTestNGCucumberTests" name="runScenario" time="12.91"/>
  <testcase classname="io.cucumber.testng.AbstractTestNGCucumberTests" name="runScenario" time="12.699">
    <failure type="java.lang.AssertionError" message="expected [true] but found [false]">
      <![CDATA[java.lang.AssertionError: expected [true] but found [false]
at steps.SearchPageStep.the_product_should_be_added_to_the_wishlist_successfully(SearchPageStep.java:30)
at ✽.The product should be added to the wishlist successfully.(file:///C:/Users/basith%20ali/OneDrive/Desktop/Wipro%20Training/Yaksha-VM-Java-Cucumber-UrbanLadder-Automation-L1-Selenium_Excel-Template-main/src/test/java/features/03_SearchPage.feature:18)
... Removed 4 stack frames]]>
    </failure>
  </testcase> <!-- runScenario -->
  <testcase classname="io.cucumber.testng.AbstractTestNGCucumberTests" name="runScenario" time="11.894">
    <failure type="java.lang.AssertionError" message="expected [true] but found [false]">
      <![CDATA[java.lang.AssertionError: expected [true] but found [false]
at steps.SearchPageStep.the_product_details_page_should_open_with_the_correct_product_information(SearchPageStep.java:40)
at ✽.The product details page should open with the correct product information(file:///C:/Users/basith%20ali/OneDrive/Desktop/Wipro%20Training/Yaksha-VM-Java-Cucumber-UrbanLadder-Automation-L1-Selenium_Excel-Template-main/src/test/java/features/03_SearchPage.feature:24)
... Removed 4 stack frames]]>
    </failure>
  </testcase> <!-- runScenario -->
  <testcase classname="io.cucumber.testng.AbstractTestNGCucumberTests" name="runScenario" time="12.332">
    <failure type="java.lang.AssertionError" message="expected [true] but found [false]">
      <![CDATA[java.lang.AssertionError: expected [true] but found [false]
at steps.SearchPageStep.all_displayed_products_should_fall_within_the_selected_price_range(SearchPageStep.java:50)
at ✽.All displayed products should fall within the selected price range(file:///C:/Users/basith%20ali/OneDrive/Desktop/Wipro%20Training/Yaksha-VM-Java-Cucumber-UrbanLadder-Automation-L1-Selenium_Excel-Template-main/src/test/java/features/03_SearchPage.feature:30)
... Removed 4 stack frames]]>
    </failure>
  </testcase> <!-- runScenario -->
  <testcase classname="io.cucumber.testng.AbstractTestNGCucumberTests" name="runScenario" time="11.928">
    <failure type="java.lang.AssertionError" message="expected [true] but found [false]">
      <![CDATA[java.lang.AssertionError: expected [true] but found [false]
at steps.SearchPageStep.verify_the_product_details_in_wishlist_page(SearchPageStep.java:55)
at ✽.Verify the product details in wishlist Page(file:///C:/Users/basith%20ali/OneDrive/Desktop/Wipro%20Training/Yaksha-VM-Java-Cucumber-UrbanLadder-Automation-L1-Selenium_Excel-Template-main/src/test/java/features/03_SearchPage.feature:35)
... Removed 4 stack frames]]>
    </failure>
  </testcase> <!-- runScenario -->
  <testcase classname="io.cucumber.testng.AbstractTestNGCucumberTests" name="runScenario" time="34.483">
    <failure type="org.openqa.selenium.ElementNotInteractableException" message="element not interactable
  (Session info: chrome=140.0.7339.128)
Build info: version: &amp;apos;4.10.0&amp;apos;, revision: &amp;apos;c14d967899&amp;apos;
System info: os.name: &amp;apos;Windows 11&amp;apos;, os.arch: &amp;apos;amd64&amp;apos;, os.version: &amp;apos;10.0&amp;apos;, java.version: &amp;apos;21.0.4&amp;apos;
Driver info: org.openqa.selenium.chrome.ChromeDriver
Command: [84f5a106dd4ec8604039070e7fdae7d0, clickElement {id=f.4A6ED30BE35393C76BD6635287F893A8.d.81097DFF3FA9B81E19DF95347F5D27C6.e.54}]
Capabilities {acceptInsecureCerts: false, browserName: chrome, browserVersion: 140.0.7339.128, chrome: {chromedriverVersion: 140.0.7339.82 (bc93617e21c3..., userDataDir: C:\Users\basith ali\AppData...}, fedcm:accounts: true, goog:chromeOptions: {debuggerAddress: localhost:61661}, networkConnectionEnabled: false, pageLoadStrategy: normal, platformName: windows, proxy: Proxy(), se:cdp: ws://localhost:61661/devtoo..., se:cdpVersion: 140.0.7339.128, setWindowRect: true, strictFileInteractability: false, timeouts: {implicit: 0, pageLoad: 300000, script: 30000}, unhandledPromptBehavior: dismiss and notify, webauthn:extension:credBlob: true, webauthn:extension:largeBlob: true, webauthn:extension:minPinLength: true, webauthn:extension:prf: true, webauthn:virtualAuthenticators: true}
Element: [[ChromeDriver: chrome on windows (84f5a106dd4ec8604039070e7fdae7d0)] -&amp;gt; css selector: a#header-icon-signup]
Session ID: 84f5a106dd4ec8604039070e7fdae7d0">
      <![CDATA[org.openqa.selenium.ElementNotInteractableException: element not interactable
  (Session info: chrome=140.0.7339.128)
Build info: version: '4.10.0', revision: 'c14d967899'
System info: os.name: 'Windows 11', os.arch: 'amd64', os.version: '10.0', java.version: '21.0.4'
Driver info: org.openqa.selenium.chrome.ChromeDriver
Command: [84f5a106dd4ec8604039070e7fdae7d0, clickElement {id=f.4A6ED30BE35393C76BD6635287F893A8.d.81097DFF3FA9B81E19DF95347F5D27C6.e.54}]
Capabilities {acceptInsecureCerts: false, browserName: chrome, browserVersion: 140.0.7339.128, chrome: {chromedriverVersion: 140.0.7339.82 (bc93617e21c3..., userDataDir: C:\Users\basith ali\AppData...}, fedcm:accounts: true, goog:chromeOptions: {debuggerAddress: localhost:61661}, networkConnectionEnabled: false, pageLoadStrategy: normal, platformName: windows, proxy: Proxy(), se:cdp: ws://localhost:61661/devtoo..., se:cdpVersion: 140.0.7339.128, setWindowRect: true, strictFileInteractability: false, timeouts: {implicit: 0, pageLoad: 300000, script: 30000}, unhandledPromptBehavior: dismiss and notify, webauthn:extension:credBlob: true, webauthn:extension:largeBlob: true, webauthn:extension:minPinLength: true, webauthn:extension:prf: true, webauthn:virtualAuthenticators: true}
Element: [[ChromeDriver: chrome on windows (84f5a106dd4ec8604039070e7fdae7d0)] -> css selector: a#header-icon-signup]
Session ID: 84f5a106dd4ec8604039070e7fdae7d0
at org.openqa.selenium.remote.codec.w3c.W3CHttpResponseCodec.createException(W3CHttpResponseCodec.java:199)
at org.openqa.selenium.remote.codec.w3c.W3CHttpResponseCodec.decode(W3CHttpResponseCodec.java:132)
at org.openqa.selenium.remote.codec.w3c.W3CHttpResponseCodec.decode(W3CHttpResponseCodec.java:51)
at org.openqa.selenium.remote.HttpCommandExecutor.execute(HttpCommandExecutor.java:191)
at org.openqa.selenium.remote.service.DriverCommandExecutor.invokeExecute(DriverCommandExecutor.java:196)
at org.openqa.selenium.remote.service.DriverCommandExecutor.execute(DriverCommandExecutor.java:171)
at org.openqa.selenium.remote.RemoteWebDriver.execute(RemoteWebDriver.java:531)
at org.openqa.selenium.remote.RemoteWebElement.execute(RemoteWebElement.java:242)
at org.openqa.selenium.remote.RemoteWebElement.click(RemoteWebElement.java:77)
at pages.SignupPage.clickOnSignupButton(SignupPage.java:31)
at steps.SignUpStep.i_click_on_the_button(SignUpStep.java:20)
at ✽.Click on the Sign Up button(file:///C:/Users/basith%20ali/OneDrive/Desktop/Wipro%20Training/Yaksha-VM-Java-Cucumber-UrbanLadder-Automation-L1-Selenium_Excel-Template-main/src/test/java/features/03_SearchPage.feature:7)
... Removed 3 stack frames]]>
    </failure>
  </testcase> <!-- runScenario -->
  <testcase classname="io.cucumber.testng.AbstractTestNGCucumberTests" name="runScenario" time="5.388"/>
</testsuite> <!-- Cucumber Test Runner -->
